<?xml version="1.0" encoding="UTF-8"?>
<!-- Generated by org.testng.reporters.JUnitXMLReporter -->
<testsuite hostname="Jayarees-MacBook-Pro.local" ignored="0" name="Signup_from_FUN" tests="5" failures="1" timestamp="02 Mar 2020 11:03:24 GMT" time="83.57" errors="0">
  <testcase name="i_am_a_user_of_Axate_and_I_am_on_the_registration_page_through_Cricketer_Wallet_homepages" time="20.332" classname="Stepdef.GranthamLive.GRASMO02_Grantham_register_from_wallet"/>
  <testcase name="i_enter_all_the_required_details_on_step_one_and_click_on_continue" time="46.175" classname="Stepdef.GranthamLive.GRASMO02_Grantham_register_from_wallet"/>
  <testcase name="top_up_with_a_valid_card_in_steptwo_with_one_pound_and_click_on_continue" time="7.332" classname="Stepdef.GranthamLive.GRASMO02_Grantham_register_from_wallet"/>
  <testcase name="i_get_a_funded_axate_wallet_with_one_pound_in_it" time="9.697" classname="Stepdef.GranthamLive.GRASMO02_Grantham_register_from_wallet"/>
  <testcase name="navigated_to_Cricketer_com" time="0.005" classname="Stepdef.GranthamLive.GRASMO02_Grantham_register_from_wallet">
    <failure type="java.lang.AssertionError" message="expected [https://www.thecricketer.com/Topics/premimum_features/englishman_in_antigua_johnny_grave_is_in_charge_of_west_indies_cricket_trying_to_lead_a_renaissance_and_beating_joe_roots_men_did_no_harm.html] but found [https://www.granthamjournal.co.uk/news/stowaway-crab-rescued-from-grantham-train-9078953/]">
      <![CDATA[java.lang.AssertionError: expected [https://www.thecricketer.com/Topics/premimum_features/englishman_in_antigua_johnny_grave_is_in_charge_of_west_indies_cricket_trying_to_lead_a_renaissance_and_beating_joe_roots_men_did_no_harm.html] but found [https://www.granthamjournal.co.uk/news/stowaway-crab-rescued-from-grantham-train-9078953/]
at Stepdef.GranthamLive.GRASMO02_Grantham_register_from_wallet.navigated_to_Cricketer_com(GRASMO02_Grantham_register_from_wallet.java:98)
... Removed 31 stack frames]]>
    </failure>
  </testcase> <!-- navigated_to_Cricketer_com -->
</testsuite> <!-- Signup_from_FUN -->
